<?xml version="1.0" encoding="UTF-8"?>
<testng-results skipped="0" failed="0" ignored="0" total="1" passed="1">
  <reporter-output>
  </reporter-output>
  <suite name="Default suite" duration-ms="19179" started-at="2021-05-14T04:00:24Z" finished-at="2021-05-14T04:00:43Z">
    <groups>
    </groups>
    <test name="Default test" duration-ms="19179" started-at="2021-05-14T04:00:24Z" finished-at="2021-05-14T04:00:43Z">
      <class name="iframe.Ifrme">
        <test-method status="PASS" signature="frame()[pri:0, instance:iframe.Ifrme@157632c9]" name="frame" duration-ms="19162" started-at="2021-05-14T09:30:24Z" finished-at="2021-05-14T09:30:43Z">
          <reporter-output>
          </reporter-output>
        </test-method> <!-- frame -->
      </class> <!-- iframe.Ifrme -->
    </test> <!-- Default test -->
  </suite> <!-- Default suite -->
</testng-results>
